J:\lin\GitSpace\DllDemo\StaticDll\Debug\cl.command.1.tlog
J:\lin\GitSpace\DllDemo\StaticDll\Debug\CL.read.1.tlog
J:\lin\GitSpace\DllDemo\StaticDll\Debug\CL.write.1.tlog
J:\lin\GitSpace\DllDemo\StaticDll\Debug\dllmain.obj
J:\lin\GitSpace\DllDemo\StaticDll\Debug\link.5460.read.1.tlog
J:\lin\GitSpace\DllDemo\StaticDll\Debug\link.5460.write.1.tlog
J:\lin\GitSpace\DllDemo\StaticDll\Debug\link.5460-cvtres.read.1.tlog
J:\lin\GitSpace\DllDemo\StaticDll\Debug\link.5460-cvtres.write.1.tlog
J:\lin\GitSpace\DllDemo\StaticDll\Debug\link.command.1.tlog
J:\lin\GitSpace\DllDemo\StaticDll\Debug\link.read.1.tlog
J:\lin\GitSpace\DllDemo\StaticDll\Debug\link.write.1.tlog
J:\lin\GitSpace\DllDemo\StaticDll\Debug\link-cvtres.read.1.tlog
J:\lin\GitSpace\DllDemo\StaticDll\Debug\link-cvtres.write.1.tlog
J:\lin\GitSpace\DllDemo\StaticDll\Debug\mt.command.1.tlog
J:\lin\GitSpace\DllDemo\StaticDll\Debug\mt.read.1.tlog
J:\lin\GitSpace\DllDemo\StaticDll\Debug\mt.write.1.tlog
J:\lin\GitSpace\DllDemo\StaticDll\Debug\rc.command.1.tlog
J:\lin\GitSpace\DllDemo\StaticDll\Debug\rc.read.1.tlog
J:\lin\GitSpace\DllDemo\StaticDll\Debug\rc.write.1.tlog
J:\lin\GitSpace\DllDemo\StaticDll\Debug\StaticDll.dll.embed.manifest
J:\lin\GitSpace\DllDemo\StaticDll\Debug\StaticDll.dll.embed.manifest.res
J:\lin\GitSpace\DllDemo\StaticDll\Debug\StaticDll.dll.intermediate.manifest
J:\lin\GitSpace\DllDemo\StaticDll\Debug\StaticDll.obj
J:\lin\GitSpace\DllDemo\StaticDll\Debug\StaticDll.pch
J:\lin\GitSpace\DllDemo\StaticDll\Debug\StaticDll.write.1.tlog
J:\lin\GitSpace\DllDemo\StaticDll\Debug\StaticDll_manifest.rc
J:\lin\GitSpace\DllDemo\StaticDll\Debug\stdafx.obj
J:\lin\GitSpace\DllDemo\StaticDll\Debug\vc100.idb
J:\lin\GitSpace\DllDemo\StaticDll\Debug\vc100.pdb
J:\LIN\外部更新\DLLTEST\DEBUG\STATICDLL.DLL
J:\lin\外部更新\DllTest\Debug\StaticDll.exp
J:\LIN\外部更新\DLLTEST\DEBUG\STATICDLL.ILK
J:\lin\外部更新\DllTest\Debug\StaticDll.lib
J:\LIN\外部更新\DLLTEST\DEBUG\STATICDLL.PDB
J:\LIN\外部更新\DLLTEST\STATICDLL\DEBUG\DLLMAIN.OBJ
J:\LIN\外部更新\DLLTEST\STATICDLL\DEBUG\STATICDLL.DLL.EMBED.MANIFEST
J:\LIN\外部更新\DLLTEST\STATICDLL\DEBUG\STATICDLL.DLL.EMBED.MANIFEST.RES
J:\LIN\外部更新\DLLTEST\STATICDLL\DEBUG\STATICDLL.DLL.INTERMEDIATE.MANIFEST
J:\LIN\外部更新\DLLTEST\STATICDLL\DEBUG\STATICDLL.OBJ
J:\LIN\外部更新\DLLTEST\STATICDLL\DEBUG\STATICDLL.PCH
J:\LIN\外部更新\DLLTEST\STATICDLL\DEBUG\STDAFX.OBJ
J:\LIN\外部更新\DLLTEST\STATICDLL\DEBUG\VC100.PDB
