生成启动时间为 2017/2/16 11:23:28。
     1>项目“J:\lin\GitSpace\DllDemo\DynamicDll\DynamicDll.vcxproj”在节点 2 上(rebuild 个目标)。
     1>_PrepareForClean:
         正在删除文件“Debug\DynamicDll.lastbuildstate”。
       PrepareForBuild:
         正在创建目录“J:\lin\GitSpace\DllDemo\Debug\”。
       InitializeBuildStatus:
         正在创建“Debug\DynamicDll.unsuccessfulbuild”，因为已指定“AlwaysCreate”。
       ClCompile:
         C:\Program Files (x86)\Microsoft Visual Studio 10.0\VC\bin\CL.exe /c /ZI /nologo /W3 /WX- /Od /Oy- /D WIN32 /D _DEBUG /D _WINDOWS /D _USRDLL /D DYNAMICDLL_EXPORTS /D _WINDLL /D _UNICODE /D UNICODE /Gm /EHsc /RTC1 /MDd /GS /fp:precise /Zc:wchar_t /Zc:forScope /Yc"StdAfx.h" /Fp"Debug\DynamicDll.pch" /Fo"Debug\\" /Fd"Debug\vc100.pdb" /Gd /TP /analyze- /errorReport:prompt stdafx.cpp
         stdafx.cpp
         C:\Program Files (x86)\Microsoft Visual Studio 10.0\VC\bin\CL.exe /c /ZI /nologo /W3 /WX- /Od /Oy- /D WIN32 /D _DEBUG /D _WINDOWS /D _USRDLL /D DYNAMICDLL_EXPORTS /D _WINDLL /D _UNICODE /D UNICODE /Gm /EHsc /RTC1 /MDd /GS /fp:precise /Zc:wchar_t /Zc:forScope /Fo"Debug\\" /Fd"Debug\vc100.pdb" /Gd /TP /analyze- /errorReport:prompt dllmain.cpp
         dllmain.cpp
         C:\Program Files (x86)\Microsoft Visual Studio 10.0\VC\bin\CL.exe /c /ZI /nologo /W3 /WX- /Od /Oy- /D WIN32 /D _DEBUG /D _WINDOWS /D _USRDLL /D DYNAMICDLL_EXPORTS /D _WINDLL /D _UNICODE /D UNICODE /Gm /EHsc /RTC1 /MDd /GS /fp:precise /Zc:wchar_t /Zc:forScope /Yu"StdAfx.h" /Fp"Debug\DynamicDll.pch" /Fo"Debug\\" /Fd"Debug\vc100.pdb" /Gd /TP /analyze- /errorReport:prompt DynamicDll.cpp
         DynamicDll.cpp
       ManifestResourceCompile:
         C:\Program Files (x86)\Microsoft SDKs\Windows\v7.0A\bin\rc.exe /nologo /fo"Debug\DynamicDll.dll.embed.manifest.res" Debug\DynamicDll_manifest.rc 
       Link:
         C:\Program Files (x86)\Microsoft Visual Studio 10.0\VC\bin\link.exe /ERRORREPORT:PROMPT /OUT:"J:\lin\GitSpace\DllDemo\Debug\DynamicDll.dll" /INCREMENTAL /NOLOGO kernel32.lib user32.lib gdi32.lib winspool.lib comdlg32.lib advapi32.lib shell32.lib ole32.lib oleaut32.lib uuid.lib odbc32.lib odbccp32.lib /MANIFEST /ManifestFile:"Debug\DynamicDll.dll.intermediate.manifest" /MANIFESTUAC:"level='asInvoker' uiAccess='false'" /DEBUG /PDB:"J:\lin\GitSpace\DllDemo\Debug\DynamicDll.pdb" /SUBSYSTEM:WINDOWS /TLBID:1 /DYNAMICBASE /NXCOMPAT /IMPLIB:"J:\lin\GitSpace\DllDemo\Debug\DynamicDll.lib" /MACHINE:X86 /DLL Debug\DynamicDll.dll.embed.manifest.res
         Debug\dllmain.obj
         Debug\DynamicDll.obj
         Debug\stdafx.obj
            正在创建库 J:\lin\GitSpace\DllDemo\Debug\DynamicDll.lib 和对象 J:\lin\GitSpace\DllDemo\Debug\DynamicDll.exp
       Manifest:
         正在删除文件“Debug\DynamicDll.dll.embed.manifest”。
         C:\Program Files (x86)\Microsoft SDKs\Windows\v7.0A\bin\mt.exe /nologo /verbose /out:"Debug\DynamicDll.dll.embed.manifest" /manifest Debug\DynamicDll.dll.intermediate.manifest
         C:\Program Files (x86)\Microsoft SDKs\Windows\v7.0A\bin\rc.exe /nologo /fo"Debug\DynamicDll.dll.embed.manifest.res" Debug\DynamicDll_manifest.rc 
       LinkEmbedManifest:
         C:\Program Files (x86)\Microsoft Visual Studio 10.0\VC\bin\link.exe /ERRORREPORT:PROMPT /OUT:"J:\lin\GitSpace\DllDemo\Debug\DynamicDll.dll" /INCREMENTAL /NOLOGO kernel32.lib user32.lib gdi32.lib winspool.lib comdlg32.lib advapi32.lib shell32.lib ole32.lib oleaut32.lib uuid.lib odbc32.lib odbccp32.lib /MANIFEST /ManifestFile:"Debug\DynamicDll.dll.intermediate.manifest" /MANIFESTUAC:"level='asInvoker' uiAccess='false'" /DEBUG /PDB:"J:\lin\GitSpace\DllDemo\Debug\DynamicDll.pdb" /SUBSYSTEM:WINDOWS /TLBID:1 /DYNAMICBASE /NXCOMPAT /IMPLIB:"J:\lin\GitSpace\DllDemo\Debug\DynamicDll.lib" /MACHINE:X86 /DLL Debug\DynamicDll.dll.embed.manifest.res
         Debug\dllmain.obj
         Debug\DynamicDll.obj
         Debug\stdafx.obj
            正在创建库 J:\lin\GitSpace\DllDemo\Debug\DynamicDll.lib 和对象 J:\lin\GitSpace\DllDemo\Debug\DynamicDll.exp
         DynamicDll.vcxproj -> J:\lin\GitSpace\DllDemo\Debug\DynamicDll.dll
       FinalizeBuildStatus:
         正在删除文件“Debug\DynamicDll.unsuccessfulbuild”。
         正在对“Debug\DynamicDll.lastbuildstate”执行 Touch 任务。
     1>已完成生成项目“J:\lin\GitSpace\DllDemo\DynamicDll\DynamicDll.vcxproj”(rebuild 个目标)的操作。

生成成功。

已用时间 00:00:02.82
