J:\lin\GitSpace\DllDemo\DynamicDll\Debug\cl.command.1.tlog
J:\lin\GitSpace\DllDemo\DynamicDll\Debug\CL.read.1.tlog
J:\lin\GitSpace\DllDemo\DynamicDll\Debug\CL.write.1.tlog
J:\lin\GitSpace\DllDemo\DynamicDll\Debug\dllmain.obj
J:\lin\GitSpace\DllDemo\DynamicDll\Debug\DynamicDll.dll.embed.manifest
J:\lin\GitSpace\DllDemo\DynamicDll\Debug\DynamicDll.dll.embed.manifest.res
J:\lin\GitSpace\DllDemo\DynamicDll\Debug\DynamicDll.dll.intermediate.manifest
J:\lin\GitSpace\DllDemo\DynamicDll\Debug\DynamicDll.obj
J:\lin\GitSpace\DllDemo\DynamicDll\Debug\DynamicDll.pch
J:\lin\GitSpace\DllDemo\DynamicDll\Debug\DynamicDll.write.1.tlog
J:\lin\GitSpace\DllDemo\DynamicDll\Debug\DynamicDll_manifest.rc
J:\lin\GitSpace\DllDemo\DynamicDll\Debug\link.11236.read.1.tlog
J:\lin\GitSpace\DllDemo\DynamicDll\Debug\link.11236.write.1.tlog
J:\lin\GitSpace\DllDemo\DynamicDll\Debug\link.11236-cvtres.read.1.tlog
J:\lin\GitSpace\DllDemo\DynamicDll\Debug\link.11236-cvtres.write.1.tlog
J:\lin\GitSpace\DllDemo\DynamicDll\Debug\link.command.1.tlog
J:\lin\GitSpace\DllDemo\DynamicDll\Debug\link.read.1.tlog
J:\lin\GitSpace\DllDemo\DynamicDll\Debug\link.write.1.tlog
J:\lin\GitSpace\DllDemo\DynamicDll\Debug\link-cvtres.read.1.tlog
J:\lin\GitSpace\DllDemo\DynamicDll\Debug\link-cvtres.write.1.tlog
J:\lin\GitSpace\DllDemo\DynamicDll\Debug\mt.command.1.tlog
J:\lin\GitSpace\DllDemo\DynamicDll\Debug\mt.read.1.tlog
J:\lin\GitSpace\DllDemo\DynamicDll\Debug\mt.write.1.tlog
J:\lin\GitSpace\DllDemo\DynamicDll\Debug\rc.command.1.tlog
J:\lin\GitSpace\DllDemo\DynamicDll\Debug\rc.read.1.tlog
J:\lin\GitSpace\DllDemo\DynamicDll\Debug\rc.write.1.tlog
J:\lin\GitSpace\DllDemo\DynamicDll\Debug\stdafx.obj
J:\lin\GitSpace\DllDemo\DynamicDll\Debug\vc100.idb
J:\lin\GitSpace\DllDemo\DynamicDll\Debug\vc100.pdb
J:\LIN\外部更新\DLLTEST\DEBUG\DYNAMICDLL.DLL
J:\lin\外部更新\DllTest\Debug\DynamicDll.exp
J:\LIN\外部更新\DLLTEST\DEBUG\DYNAMICDLL.ILK
J:\lin\外部更新\DllTest\Debug\DynamicDll.lib
J:\LIN\外部更新\DLLTEST\DEBUG\DYNAMICDLL.PDB
J:\LIN\外部更新\DLLTEST\DYNAMICDLL\DEBUG\DLLMAIN.OBJ
J:\LIN\外部更新\DLLTEST\DYNAMICDLL\DEBUG\DYNAMICDLL.DLL.EMBED.MANIFEST
J:\LIN\外部更新\DLLTEST\DYNAMICDLL\DEBUG\DYNAMICDLL.DLL.EMBED.MANIFEST.RES
J:\LIN\外部更新\DLLTEST\DYNAMICDLL\DEBUG\DYNAMICDLL.DLL.INTERMEDIATE.MANIFEST
J:\LIN\外部更新\DLLTEST\DYNAMICDLL\DEBUG\DYNAMICDLL.OBJ
J:\LIN\外部更新\DLLTEST\DYNAMICDLL\DEBUG\DYNAMICDLL.PCH
J:\LIN\外部更新\DLLTEST\DYNAMICDLL\DEBUG\STDAFX.OBJ
J:\LIN\外部更新\DLLTEST\DYNAMICDLL\DEBUG\VC100.PDB
